<?xml version="1.0" encoding="UTF-8"?>
<testsuite xmlns:xsi="http://www.w3.org/2001/XMLSchema-instance" xsi:noNamespaceSchemaLocation="https://maven.apache.org/surefire/maven-surefire-plugin/xsd/surefire-test-report.xsd" name="com.example.demo.service.ServicesTest" time="11.201" tests="20" errors="0" skipped="0" failures="0">
  <properties>
[...]
</properties>
  <testcase name="approvingLeaveTest" classname="com.example.demo.service.ServicesTest" time="1.056"/>
  <testcase name="getTeamsCountBSTest" classname="com.example.demo.service.ServicesTest" time="0.033"/>
  <testcase name="instatiatingLeaveTest" classname="com.example.demo.service.ServicesTest" time="0.046"/>
  <testcase name="getAppliedLeavPerTeamTest" classname="com.example.demo.service.ServicesTest" time="0.014"/>
  <testcase name="remainingLeaveTest" classname="com.example.demo.service.ServicesTest" time="0.018"/>
  <testcase name="getEmpOfPerTeamTest" classname="com.example.demo.service.ServicesTest" time="0.048"/>
  <testcase name="approveLeaveTest" classname="com.example.demo.service.ServicesTest" time="0.006"/>
  <testcase name="employeeLeaveReportTest" classname="com.example.demo.service.ServicesTest" time="0.028"/>
  <testcase name="getTeamCountASTest" classname="com.example.demo.service.ServicesTest" time="0.008"/>
  <testcase name="addEmployeeTest" classname="com.example.demo.service.ServicesTest" time="0.017"/>
  <testcase name="getTeamCountCSTest" classname="com.example.demo.service.ServicesTest" time="0.008"/>
  <testcase name="deletingEmployeeTest" classname="com.example.demo.service.ServicesTest" time="0.017"/>
  <testcase name="leaveTakenTest" classname="com.example.demo.service.ServicesTest" time="0.012"/>
  <testcase name="getTeamsCountTest" classname="com.example.demo.service.ServicesTest" time="0.007"/>
  <testcase name="getEmployeesTest" classname="com.example.demo.service.ServicesTest" time="0.028"/>
  <testcase name="updateEmployeeTest" classname="com.example.demo.service.ServicesTest" time="0.012"/>
  <testcase name="updateEmployeeWorkHoursTest" classname="com.example.demo.service.ServicesTest" time="0.032"/>
  <testcase name="addAppliedLeaveTest" classname="com.example.demo.service.ServicesTest" time="0.008"/>
  <testcase name="getByEmployeeIdTest" classname="com.example.demo.service.ServicesTest" time="0.006"/>
  <testcase name="CreateEmployeeTest" classname="com.example.demo.service.ServicesTest" time="0.014"/>
</testsuite>